<?xml version="1.0" encoding="UTF-8"?>
<robot generator="Robot 7.0.1 (Python 3.10.4 on win32)" generated="2025-04-21T22:57:46.196427" rpa="false" schemaversion="5">
<suite id="s1" name="RobotAutomation" source="C:\Users\kamal\PycharmProjects\RobotAutomation">
<suite id="s1-s1" name="TestCases" source="C:\Users\kamal\PycharmProjects\RobotAutomation\TestCases">
<kw name="Before each Test Suite" type="SETUP">
<kw name="Log" owner="BuiltIn">
<msg time="2025-04-21T22:57:46.254710" level="INFO">Test Suite Started</msg>
<arg>Test Suite Started</arg>
<doc>Logs the given message with the given level.</doc>
<status status="PASS" start="2025-04-21T22:57:46.253253" elapsed="0.001457"/>
</kw>
<status status="PASS" start="2025-04-21T22:57:46.251872" elapsed="0.002838"/>
</kw>
<suite id="s1-s1-s1" name="LOGINTC" source="C:\Users\kamal\PycharmProjects\RobotAutomation\TestCases\LOGINTC">
<suite id="s1-s1-s1-s1" name="TC001 Start Close Browser" source="C:\Users\kamal\PycharmProjects\RobotAutomation\TestCases\LOGINTC\TC001_Start_Close_Browser.robot">
<test id="s1-s1-s1-s1-t1" name="Robot first test case" line="10">
<kw name="Open Browser" owner="SeleniumLibrary">
<msg time="2025-04-21T22:57:46.596592" level="INFO">Opening browser 'Chrome' to base url 'http://www.thetestingworld.com/testings'.</msg>
<arg>${URL}</arg>
<arg>${Browser}</arg>
<doc>Opens a new browser instance to the optional ``url``.</doc>
<status status="PASS" start="2025-04-21T22:57:46.596592" elapsed="9.577948"/>
</kw>
<kw name="Maximize Browser Window" owner="SeleniumLibrary">
<doc>Maximizes current browser window.</doc>
<status status="PASS" start="2025-04-21T22:57:56.186954" elapsed="0.158059"/>
</kw>
<kw name="Read Element Locator">
<kw name="Read Locator From Json" owner="Locators">
<msg time="2025-04-21T22:57:56.356596" level="FAIL">AttributeError: 'dict' object has no attribute 'locatorname'</msg>
<var>${result}</var>
<arg>${JsonPath}</arg>
<status status="FAIL" start="2025-04-21T22:57:56.349035" elapsed="0.019131">AttributeError: 'dict' object has no attribute 'locatorname'</status>
</kw>
<return>
<value>${result}</value>
<status status="NOT RUN" start="2025-04-21T22:57:56.368166" elapsed="0.002014"/>
</return>
<var>${username}</var>
<arg>Registration.username_textbox_name</arg>
<status status="FAIL" start="2025-04-21T22:57:56.347024" elapsed="0.027180">AttributeError: 'dict' object has no attribute 'locatorname'</status>
</kw>
<kw name="Input Text" owner="SeleniumLibrary">
<arg>name:${username}</arg>
<arg>Testing</arg>
<doc>Types the given ``text`` into the text field identified by ``locator``.</doc>
<status status="NOT RUN" start="2025-04-21T22:57:56.390184" elapsed="0.001119"/>
</kw>
<kw name="Read Element Locator">
<var>${password}</var>
<arg>Registration.password_textbox_name</arg>
<status status="NOT RUN" start="2025-04-21T22:57:56.404066" elapsed="0.000998"/>
</kw>
<kw name="Input Text" owner="SeleniumLibrary">
<arg>name:${password}</arg>
<arg>12345</arg>
<doc>Types the given ``text`` into the text field identified by ``locator``.</doc>
<status status="NOT RUN" start="2025-04-21T22:57:56.411585" elapsed="0.001002"/>
</kw>
<kw name="Read Element Locator">
<var>${email}</var>
<arg>Registration.email_textbox_name</arg>
<status status="NOT RUN" start="2025-04-21T22:57:56.415586" elapsed="0.001000"/>
</kw>
<kw name="Input Text" owner="SeleniumLibrary">
<arg>name:${email}</arg>
<arg>kamalesh1992rai@gmail.com</arg>
<doc>Types the given ``text`` into the text field identified by ``locator``.</doc>
<status status="NOT RUN" start="2025-04-21T22:57:56.418588" elapsed="0.000000"/>
</kw>
<tag>Smoke</tag>
<status status="FAIL" start="2025-04-21T22:57:46.593477" elapsed="9.844642">AttributeError: 'dict' object has no attribute 'locatorname'</status>
</test>
<test id="s1-s1-s1-s1-t2" name="Robot Next Test Case" line="23">
<kw name="Select Radio Button" owner="SeleniumLibrary">
<msg time="2025-04-21T22:57:56.486150" level="INFO">Selecting 'office' from radio button 'add_type'.</msg>
<arg>add_type</arg>
<arg>office</arg>
<doc>Sets the radio button group ``group_name`` to ``value``.</doc>
<status status="PASS" start="2025-04-21T22:57:56.473644" elapsed="0.442718"/>
</kw>
<status status="PASS" start="2025-04-21T22:57:56.471637" elapsed="0.448753"/>
</test>
<status status="FAIL" start="2025-04-21T22:57:46.258382" elapsed="10.669070"/>
</suite>
<status status="FAIL" start="2025-04-21T22:57:46.254710" elapsed="10.698147"/>
</suite>
<kw name="After each Test Suite" type="TEARDOWN">
<kw name="Log" owner="BuiltIn">
<msg time="2025-04-21T22:57:56.988730" level="INFO">Test Suite Ended</msg>
<arg>Test Suite Ended</arg>
<doc>Logs the given message with the given level.</doc>
<status status="PASS" start="2025-04-21T22:57:56.988730" elapsed="0.002512"/>
</kw>
<status status="PASS" start="2025-04-21T22:57:56.984708" elapsed="0.008545"/>
</kw>
<status status="FAIL" start="2025-04-21T22:57:46.241454" elapsed="10.751799"/>
</suite>
<status status="FAIL" start="2025-04-21T22:57:46.207286" elapsed="10.800301"/>
</suite>
<statistics>
<total>
<stat pass="1" fail="1" skip="0">All Tests</stat>
</total>
<tag>
<stat pass="0" fail="1" skip="0">Smoke</stat>
</tag>
<suite>
<stat pass="1" fail="1" skip="0" id="s1" name="RobotAutomation">RobotAutomation</stat>
<stat pass="1" fail="1" skip="0" id="s1-s1" name="TestCases">RobotAutomation.TestCases</stat>
<stat pass="1" fail="1" skip="0" id="s1-s1-s1" name="LOGINTC">RobotAutomation.TestCases.LOGINTC</stat>
<stat pass="1" fail="1" skip="0" id="s1-s1-s1-s1" name="TC001 Start Close Browser">RobotAutomation.TestCases.LOGINTC.TC001 Start Close Browser</stat>
</suite>
</statistics>
<errors>
</errors>
</robot>
